Using pre-set license
Built from '2020.3/release' branch; Version is '2020.3.7f1 (dd97f2c94397) revision 14522354'; Using compiler version '192528614'; Build Type 'Release'
OS: 'Windows 10 Home; OS build 19042.1466; Version 2009; 64bit' Language: 'en' Physical Memory: 8141 MB
BatchMode: 1, IsHumanControllingUs: 0, StartBugReporterOnCrash: 0, Is64bit: 1, IsPro: 0

 COMMAND LINE ARGUMENTS:
C:\Program Files\Unity\Hub\Editor\2020.3.7f1\Editor\Unity.exe
-adb2
-batchMode
-noUpm
-name
AssetImportWorker1
-projectPath
D:/ExampleCube/ExampleCube
-logFile
Logs/AssetImportWorker1.log
-srvPort
58931
Successfully changed project path to: D:/ExampleCube/ExampleCube
D:/ExampleCube/ExampleCube
Using Asset Import Pipeline V2.
Refreshing native plugins compatible for Editor in 23.94 ms, found 0 plugins.
Preloading 0 native plugins for Editor in 0.00 ms.
Initialize engine version: 2020.3.7f1 (dd97f2c94397)
[Subsystems] Discovering subsystems at path C:/Program Files/Unity/Hub/Editor/2020.3.7f1/Editor/Data/Resources/UnitySubsystems
[Subsystems] Discovering subsystems at path D:/ExampleCube/ExampleCube/Assets
GfxDevice: creating device client; threaded=0
Direct3D:
    Version:  Direct3D 11.0 [level 11.1]
    Renderer: NVIDIA GeForce GTX 1060 3GB (ID=0x1c02)
    Vendor:   
    VRAM:     2988 MB
    Driver:   27.21.14.5671
Initialize mono
Mono path[0] = 'C:/Program Files/Unity/Hub/Editor/2020.3.7f1/Editor/Data/Managed'
Mono path[1] = 'C:/Program Files/Unity/Hub/Editor/2020.3.7f1/Editor/Data/MonoBleedingEdge/lib/mono/unityjit'
Mono config path = 'C:/Program Files/Unity/Hub/Editor/2020.3.7f1/Editor/Data/MonoBleedingEdge/etc'
Using monoOptions --debugger-agent=transport=dt_socket,embedding=1,server=y,suspend=n,address=127.0.0.1:56880
Begin MonoManager ReloadAssembly
Registering precompiled unity dll's ...
Register platform support module: C:/Program Files/Unity/Hub/Editor/2020.3.7f1/Editor/Data/PlaybackEngines/WindowsStandaloneSupport/UnityEditor.WindowsStandalone.Extensions.dll
Registered in 0.003051 seconds.
Native extension for WindowsStandalone target not found
Refreshing native plugins compatible for Editor in 29.30 ms, found 0 plugins.
Preloading 0 native plugins for Editor in 0.00 ms.
Mono: successfully reloaded assembly
- Completed reload, in 12.432 seconds
Platform modules already initialized, skipping
Registering precompiled user dll's ...
Registered in 0.000823 seconds.
Begin MonoManager ReloadAssembly
Native extension for WindowsStandalone target not found
Refreshing native plugins compatible for Editor in 0.28 ms, found 0 plugins.
Preloading 0 native plugins for Editor in 0.00 ms.
Mono: successfully reloaded assembly
- Completed reload, in  1.162 seconds
Platform modules already initialized, skipping
========================================================================
Worker process is ready to serve import requests
Launched and connected shader compiler UnityShaderCompiler.exe after 0.10 seconds
Refreshing native plugins compatible for Editor in 0.20 ms, found 0 plugins.
Preloading 0 native plugins for Editor in 0.00 ms.
Unloading 1117 Unused Serialized files (Serialized files now loaded: 0)
System memory in use before: 57.2 MB.
System memory in use after: 57.2 MB.

Unloading 10 unused Assets to reduce memory usage. Loaded Objects now: 1559.
Total: 2.192200 ms (FindLiveObjects: 0.155000 ms CreateObjectMapping: 0.039800 ms MarkObjects: 1.880300 ms  DeleteObjects: 0.116000 ms)

========================================================================
Received Import Request.
  path: Assets/Scenes/StateCube.unity
  artifactKey: Guid(613f0ae6458e2a44885fb3be2084417e) Importer(815301076,1909f56bfc062723c751e8b465ee728b)
Start importing Assets/Scenes/StateCube.unity using Guid(613f0ae6458e2a44885fb3be2084417e) Importer(815301076,1909f56bfc062723c751e8b465ee728b)  -> (artifact id: 'fc2c4bb2a9fa66b31ccb3305db75557d') in 0.117640 seconds
  Import took 0.151168 seconds .

========================================================================
Received Import Request.
  Time since last request: 0.000300 seconds.
  path: Assets/Scenes/SingletonCube.unity
  artifactKey: Guid(9fc0d4010bbf28b4594072e72b8655ab) Importer(815301076,1909f56bfc062723c751e8b465ee728b)
Start importing Assets/Scenes/SingletonCube.unity using Guid(9fc0d4010bbf28b4594072e72b8655ab) Importer(815301076,1909f56bfc062723c751e8b465ee728b)  -> (artifact id: 'da9deb9f724f461c8ce61634d1d56174') in 0.009136 seconds
  Import took 0.032071 seconds .

========================================================================
Received Prepare
Registering precompiled user dll's ...
Registered in 0.003020 seconds.
Begin MonoManager ReloadAssembly
Native extension for WindowsStandalone target not found
Refreshing native plugins compatible for Editor in 0.20 ms, found 0 plugins.
Preloading 0 native plugins for Editor in 0.00 ms.
Mono: successfully reloaded assembly
- Completed reload, in  0.899 seconds
Platform modules already initialized, skipping
Refreshing native plugins compatible for Editor in 0.23 ms, found 0 plugins.
Preloading 0 native plugins for Editor in 0.00 ms.
Unloading 1112 Unused Serialized files (Serialized files now loaded: 0)
System memory in use before: 57.1 MB.
System memory in use after: 57.2 MB.

Unloading 5 unused Assets to reduce memory usage. Loaded Objects now: 1562.
Total: 1.648500 ms (FindLiveObjects: 0.152900 ms CreateObjectMapping: 0.039000 ms MarkObjects: 1.384400 ms  DeleteObjects: 0.070800 ms)

========================================================================
Received Import Request.
  Time since last request: 231.912863 seconds.
  path: Assets/Scripts/GameManager.cs
  artifactKey: Guid(680ab7afb7ba128449e08e8933892f13) Importer(815301076,1909f56bfc062723c751e8b465ee728b)
Start importing Assets/Scripts/GameManager.cs using Guid(680ab7afb7ba128449e08e8933892f13) Importer(815301076,1909f56bfc062723c751e8b465ee728b)  -> (artifact id: '391f03f920275911f47bc26419d0e9b2') in 1.600465 seconds
  Import took 2.091244 seconds .

========================================================================
Received Import Request.
  Time since last request: 10.358077 seconds.
  path: Assets/Scripts/SingletonManager.cs
  artifactKey: Guid(680ab7afb7ba128449e08e8933892f13) Importer(815301076,1909f56bfc062723c751e8b465ee728b)
Start importing Assets/Scripts/SingletonManager.cs using Guid(680ab7afb7ba128449e08e8933892f13) Importer(815301076,1909f56bfc062723c751e8b465ee728b)  -> (artifact id: '24133c8797e5b4184a55eb9ec9d5c490') in 0.012431 seconds
  Import took 0.015320 seconds .

========================================================================
Received Import Request.
  Time since last request: 0.000418 seconds.
  path: Assets/Scripts/SingletonManager.cs
  artifactKey: Guid(680ab7afb7ba128449e08e8933892f13) Importer(815301076,1909f56bfc062723c751e8b465ee728b)
Start importing Assets/Scripts/SingletonManager.cs using Guid(680ab7afb7ba128449e08e8933892f13) Importer(815301076,1909f56bfc062723c751e8b465ee728b)  -> (artifact id: '24133c8797e5b4184a55eb9ec9d5c490') in 0.005380 seconds
  Import took 0.007800 seconds .

========================================================================
Received Prepare
Registering precompiled user dll's ...
Registered in 0.000542 seconds.
Begin MonoManager ReloadAssembly
Native extension for WindowsStandalone target not found
Refreshing native plugins compatible for Editor in 0.21 ms, found 0 plugins.
Preloading 0 native plugins for Editor in 0.00 ms.
Mono: successfully reloaded assembly
- Completed reload, in  0.912 seconds
Platform modules already initialized, skipping
Refreshing native plugins compatible for Editor in 0.20 ms, found 0 plugins.
Preloading 0 native plugins for Editor in 0.00 ms.
Unloading 1112 Unused Serialized files (Serialized files now loaded: 0)
System memory in use before: 57.2 MB.
System memory in use after: 57.2 MB.

Unloading 5 unused Assets to reduce memory usage. Loaded Objects now: 1565.
Total: 1.512800 ms (FindLiveObjects: 0.144700 ms CreateObjectMapping: 0.036900 ms MarkObjects: 1.279700 ms  DeleteObjects: 0.050500 ms)

========================================================================
Received Prepare
Registering precompiled user dll's ...
Registered in 0.000564 seconds.
Begin MonoManager ReloadAssembly
Native extension for WindowsStandalone target not found
Refreshing native plugins compatible for Editor in 0.20 ms, found 0 plugins.
Preloading 0 native plugins for Editor in 0.00 ms.
Mono: successfully reloaded assembly
- Completed reload, in  0.872 seconds
Platform modules already initialized, skipping
Refreshing native plugins compatible for Editor in 0.21 ms, found 0 plugins.
Preloading 0 native plugins for Editor in 0.00 ms.
Unloading 1112 Unused Serialized files (Serialized files now loaded: 0)
System memory in use before: 57.2 MB.
System memory in use after: 57.2 MB.

Unloading 5 unused Assets to reduce memory usage. Loaded Objects now: 1568.
Total: 1.811000 ms (FindLiveObjects: 0.171800 ms CreateObjectMapping: 0.040700 ms MarkObjects: 1.529800 ms  DeleteObjects: 0.067500 ms)

========================================================================
Received Import Request.
  Time since last request: 26.370444 seconds.
  path: Assets/Scripts/Singleton
  artifactKey: Guid(e361e2f4d79f76d42828e00054342490) Importer(815301076,1909f56bfc062723c751e8b465ee728b)
Start importing Assets/Scripts/Singleton using Guid(e361e2f4d79f76d42828e00054342490) Importer(815301076,1909f56bfc062723c751e8b465ee728b)  -> (artifact id: '5bcdba75007978323ff8cab05179c5c8') in 0.009215 seconds
  Import took 0.011569 seconds .

========================================================================
Received Prepare
Registering precompiled user dll's ...
Registered in 0.000523 seconds.
Begin MonoManager ReloadAssembly
Native extension for WindowsStandalone target not found
Refreshing native plugins compatible for Editor in 0.35 ms, found 0 plugins.
Preloading 0 native plugins for Editor in 0.00 ms.
Mono: successfully reloaded assembly
- Completed reload, in  0.862 seconds
Platform modules already initialized, skipping
Refreshing native plugins compatible for Editor in 0.20 ms, found 0 plugins.
Preloading 0 native plugins for Editor in 0.00 ms.
Unloading 1112 Unused Serialized files (Serialized files now loaded: 0)
System memory in use before: 57.2 MB.
System memory in use after: 57.3 MB.

Unloading 5 unused Assets to reduce memory usage. Loaded Objects now: 1571.
Total: 2.155700 ms (FindLiveObjects: 0.292100 ms CreateObjectMapping: 0.063000 ms MarkObjects: 1.729800 ms  DeleteObjects: 0.069600 ms)

========================================================================
Received Prepare
Registering precompiled user dll's ...
Registered in 0.000530 seconds.
Begin MonoManager ReloadAssembly
Native extension for WindowsStandalone target not found
Refreshing native plugins compatible for Editor in 0.21 ms, found 0 plugins.
Preloading 0 native plugins for Editor in 0.00 ms.
Mono: successfully reloaded assembly
- Completed reload, in  0.875 seconds
Platform modules already initialized, skipping
Refreshing native plugins compatible for Editor in 0.20 ms, found 0 plugins.
Preloading 0 native plugins for Editor in 0.00 ms.
Unloading 1112 Unused Serialized files (Serialized files now loaded: 0)
System memory in use before: 57.2 MB.
System memory in use after: 57.3 MB.

Unloading 5 unused Assets to reduce memory usage. Loaded Objects now: 1574.
Total: 1.792700 ms (FindLiveObjects: 0.170900 ms CreateObjectMapping: 0.072000 ms MarkObjects: 1.493000 ms  DeleteObjects: 0.055700 ms)

========================================================================
Received Import Request.
  Time since last request: 14.885627 seconds.
  path: Assets/Scripts/State
  artifactKey: Guid(5b39be21240b7ef4e956a418ab325dc9) Importer(815301076,1909f56bfc062723c751e8b465ee728b)
Start importing Assets/Scripts/State using Guid(5b39be21240b7ef4e956a418ab325dc9) Importer(815301076,1909f56bfc062723c751e8b465ee728b)  -> (artifact id: 'fb98b61ed8d7d8bf2a395d14f76cacd6') in 0.008562 seconds
  Import took 0.011360 seconds .

========================================================================
Received Import Request.
  Time since last request: 0.005055 seconds.
  path: Assets/Scripts/State
  artifactKey: Guid(5b39be21240b7ef4e956a418ab325dc9) Importer(815301076,1909f56bfc062723c751e8b465ee728b)
Start importing Assets/Scripts/State using Guid(5b39be21240b7ef4e956a418ab325dc9) Importer(815301076,1909f56bfc062723c751e8b465ee728b)  -> (artifact id: 'fb98b61ed8d7d8bf2a395d14f76cacd6') in 0.004326 seconds
  Import took 0.006362 seconds .

========================================================================
Received Import Request.
  Time since last request: 10.713171 seconds.
  path: Assets/Scenes/State.unity
  artifactKey: Guid(613f0ae6458e2a44885fb3be2084417e) Importer(815301076,1909f56bfc062723c751e8b465ee728b)
Start importing Assets/Scenes/State.unity using Guid(613f0ae6458e2a44885fb3be2084417e) Importer(815301076,1909f56bfc062723c751e8b465ee728b)  -> (artifact id: '1809009f8cde89798f2bd337bec3abe0') in 0.015206 seconds
  Import took 0.017212 seconds .

========================================================================
Received Import Request.
  Time since last request: 8.812929 seconds.
  path: Assets/Scenes/Singleton.unity
  artifactKey: Guid(9fc0d4010bbf28b4594072e72b8655ab) Importer(815301076,1909f56bfc062723c751e8b465ee728b)
Start importing Assets/Scenes/Singleton.unity using Guid(9fc0d4010bbf28b4594072e72b8655ab) Importer(815301076,1909f56bfc062723c751e8b465ee728b)  -> (artifact id: '755d29e9628c8c94ceffabb9e5947fa6') in 0.011537 seconds
  Import took 0.015480 seconds .

========================================================================
Received Import Request.
  Time since last request: 674.227495 seconds.
  path: Assets/Scripts/State/StateManager.cs
  artifactKey: Guid(4859459501f800640bbf333c14b07291) Importer(815301076,1909f56bfc062723c751e8b465ee728b)
Start importing Assets/Scripts/State/StateManager.cs using Guid(4859459501f800640bbf333c14b07291) Importer(815301076,1909f56bfc062723c751e8b465ee728b)  -> (artifact id: 'de441ef3eef7a53feab7de858713e7ab') in 0.008325 seconds
  Import took 0.010760 seconds .

========================================================================
Received Prepare
Registering precompiled user dll's ...
Registered in 0.000536 seconds.
Begin MonoManager ReloadAssembly
Native extension for WindowsStandalone target not found
Refreshing native plugins compatible for Editor in 0.21 ms, found 0 plugins.
Preloading 0 native plugins for Editor in 0.00 ms.
Mono: successfully reloaded assembly
- Completed reload, in  0.840 seconds
Platform modules already initialized, skipping
Refreshing native plugins compatible for Editor in 0.48 ms, found 0 plugins.
Preloading 0 native plugins for Editor in 0.00 ms.
Unloading 1113 Unused Serialized files (Serialized files now loaded: 0)
System memory in use before: 57.2 MB.
System memory in use after: 57.3 MB.

Unloading 5 unused Assets to reduce memory usage. Loaded Objects now: 1578.
Total: 1.736800 ms (FindLiveObjects: 0.162400 ms CreateObjectMapping: 0.039900 ms MarkObjects: 1.447500 ms  DeleteObjects: 0.086000 ms)

========================================================================
Received Import Request.
  Time since last request: 22.590192 seconds.
  path: Assets/Scripts/State/State.cs
  artifactKey: Guid(e4e66b5d0bd4e2745a5d2c75758b5699) Importer(815301076,1909f56bfc062723c751e8b465ee728b)
Start importing Assets/Scripts/State/State.cs using Guid(e4e66b5d0bd4e2745a5d2c75758b5699) Importer(815301076,1909f56bfc062723c751e8b465ee728b)  -> (artifact id: '3b98304d9d0232d36664cbe9b616b8c2') in 0.004834 seconds
  Import took 0.009102 seconds .

========================================================================
Received Prepare
Registering precompiled user dll's ...
Registered in 0.000541 seconds.
Begin MonoManager ReloadAssembly
Native extension for WindowsStandalone target not found
Refreshing native plugins compatible for Editor in 0.19 ms, found 0 plugins.
Preloading 0 native plugins for Editor in 0.00 ms.
Mono: successfully reloaded assembly
- Completed reload, in  0.835 seconds
Platform modules already initialized, skipping
Refreshing native plugins compatible for Editor in 0.20 ms, found 0 plugins.
Preloading 0 native plugins for Editor in 0.00 ms.
Unloading 1114 Unused Serialized files (Serialized files now loaded: 0)
System memory in use before: 57.3 MB.
System memory in use after: 57.3 MB.

Unloading 5 unused Assets to reduce memory usage. Loaded Objects now: 1582.
Total: 1.663100 ms (FindLiveObjects: 0.155400 ms CreateObjectMapping: 0.043400 ms MarkObjects: 1.376600 ms  DeleteObjects: 0.086600 ms)

AssetImportWorkerClient::OnTransportError - code=2 error=End of file
